<?xml version="1.0" encoding="UTF-8"?>
<!-- Generated by org.testng.reporters.JUnitXMLReporter -->
<testsuite ignored="18" hostname="Abhishek" failures="0" tests="3" name="Test" time="9.877" errors="0" timestamp="2024-07-27T11:37:01 AST">
  <testcase classname="com.Actitime.testscript.CustomerModule2" name="createCustomer" time="0.021"/>
  <testcase classname="com.Actitime.testscript.ProjectModule2" name="createProject" time="0.002"/>
  <testcase classname="com.Actitime.testscript.TaskModule2" name="createTask" time="0.004"/>
  <testcase classname="com.Actitime.testscript.TaskModule$CustomerModule" name="createTask" time="0.0">
    <ignored/>
  </testcase> <!-- createTask -->
  <testcase classname="com.Actitime.testscript.CustomerModule" name="deleteCustomer" time="0.0">
    <ignored/>
  </testcase> <!-- deleteCustomer -->
  <testcase classname="com.Actitime.generic.BaseClass" name="@AfterTest closeBrowser" time="0.0">
    <ignored/>
  </testcase> <!-- @AfterTest closeBrowser -->
  <testcase classname="com.Actitime.generic.BaseClass" name="@AfterTest closeBrowser" time="0.0">
    <ignored/>
  </testcase> <!-- @AfterTest closeBrowser -->
  <testcase classname="com.Actitime.generic.BaseClass" name="@AfterTest closeBrowser" time="0.0">
    <ignored/>
  </testcase> <!-- @AfterTest closeBrowser -->
  <testcase classname="com.Actitime.testscript.CustomerModule2" name="deleteCustomer" time="0.0">
    <ignored/>
  </testcase> <!-- deleteCustomer -->
  <testcase classname="com.Actitime.testscript.TaskModule$CustomerModule" name="deleteTask" time="0.0">
    <ignored/>
  </testcase> <!-- deleteTask -->
  <testcase classname="com.Actitime.testscript.TaskModule2" name="deleteTask" time="0.0">
    <ignored/>
  </testcase> <!-- deleteTask -->
  <testcase classname="com.Actitime.testscript.CustomerModule" name="createCustomer" time="0.0">
    <ignored/>
  </testcase> <!-- createCustomer -->
  <testcase classname="com.Actitime.testscript.ProjectModule2" name="deleteTask" time="0.0">
    <ignored/>
  </testcase> <!-- deleteTask -->
  <testcase classname="com.Actitime.testscript.ProjectModule2" name="modifyProject" time="0.0">
    <ignored/>
  </testcase> <!-- modifyProject -->
  <testcase classname="com.Actitime.generic.BaseClass" name="@BeforeTest OpenBrowser" time="0.0">
    <ignored/>
  </testcase> <!-- @BeforeTest OpenBrowser -->
  <testcase classname="com.Actitime.generic.BaseClass" name="@BeforeTest OpenBrowser" time="0.0">
    <ignored/>
  </testcase> <!-- @BeforeTest OpenBrowser -->
  <testcase classname="com.Actitime.generic.BaseClass" name="@BeforeTest OpenBrowser" time="0.0">
    <ignored/>
  </testcase> <!-- @BeforeTest OpenBrowser -->
  <testcase classname="com.Actitime.testscript.CustomerModule2" name="modifyCustomer" time="0.0">
    <ignored/>
  </testcase> <!-- modifyCustomer -->
  <testcase classname="com.Actitime.testscript.CustomerModule" name="modifyCustomer" time="0.0">
    <ignored/>
  </testcase> <!-- modifyCustomer -->
  <testcase classname="com.Actitime.testscript.TaskModule$CustomerModule" name="modifyTask" time="0.0">
    <ignored/>
  </testcase> <!-- modifyTask -->
  <testcase classname="com.Actitime.testscript.TaskModule2" name="modifyTask" time="0.0">
    <ignored/>
  </testcase> <!-- modifyTask -->
</testsuite> <!-- Test -->
