<?xml version="1.0" encoding="UTF-8"?>
<!-- Generated by org.testng.reporters.JUnitXMLReporter -->
<testsuite ignored="2" hostname="Abhishek" failures="0" tests="1" name="Default test(failed)(failed)" time="10.273" errors="0" timestamp="2024-07-17T12:28:13 AST">
  <testcase classname="com.Actitime.testscript.CustomerModule" name="deleteCustomer" time="0.03"/>
  <testcase classname="com.Actitime.testscript.CustomerModule" name="modifyCustomer" time="0.0">
    <ignored/>
  </testcase> <!-- modifyCustomer -->
  <testcase classname="com.Actitime.testscript.CustomerModule" name="createCustomer" time="0.0">
    <ignored/>
  </testcase> <!-- createCustomer -->
</testsuite> <!-- Default test(failed)(failed) -->
